postgres-messaging-1  | The files belonging to this database system will be owned by user "postgres".
postgres-messaging-1  | This user must also own the server process.
postgres-messaging-1  | 
postgres-messaging-1  | The database cluster will be initialized with locale "en_US.utf8".
postgres-messaging-1  | The default database encoding has accordingly been set to "UTF8".
postgres-messaging-1  | The default text search configuration will be set to "english".
postgres-messaging-1  | 
postgres-messaging-1  | Data page checksums are disabled.
postgres-messaging-1  | 
postgres-messaging-1  | fixing permissions on existing directory /var/lib/postgresql/data ... ok
postgres-messaging-1  | creating subdirectories ... ok
postgres-messaging-1  | selecting dynamic shared memory implementation ... posix
postgres-messaging-1  | selecting default max_connections ... 100
postgres-messaging-1  | selecting default shared_buffers ... 128MB
postgres-messaging-1  | selecting default time zone ... UTC
postgres-messaging-1  | creating configuration files ... ok
postgres-messaging-1  | running bootstrap script ... ok
postgres-messaging-1  | sh: locale: not found
postgres-messaging-1  | 2026-05-18 21:12:41.546 UTC [34] WARNING:  no usable system locales were found
postgres-messaging-1  | performing post-bootstrap initialization ... ok
postgres-messaging-1  | syncing data to disk ... ok
postgres-messaging-1  | 
postgres-messaging-1  | 
postgres-messaging-1  | Success. You can now start the database server using:
postgres-messaging-1  | 
postgres-messaging-1  |     pg_ctl -D /var/lib/postgresql/data -l logfile start
postgres-messaging-1  | 
postgres-messaging-1  | initdb: warning: enabling "trust" authentication for local connections
postgres-messaging-1  | initdb: hint: You can change this by editing pg_hba.conf or using the option -A, or --auth-local and --auth-host, the next time you run initdb.
postgres-messaging-1  | waiting for server to start....2026-05-18 21:12:41.990 UTC [40] LOG:  starting PostgreSQL 16.13 on aarch64-unknown-linux-musl, compiled by gcc (Alpine 15.2.0) 15.2.0, 64-bit
postgres-messaging-1  | 2026-05-18 21:12:41.991 UTC [40] LOG:  listening on Unix socket "/var/run/postgresql/.s.PGSQL.5432"
postgres-messaging-1  | 2026-05-18 21:12:41.993 UTC [43] LOG:  database system was shut down at 2026-05-18 21:12:41 UTC
postgres-messaging-1  | 2026-05-18 21:12:41.995 UTC [40] LOG:  database system is ready to accept connections
postgres-messaging-1  |  done
postgres-messaging-1  | server started
postgres-messaging-1  | CREATE DATABASE
postgres-messaging-1  | 
postgres-messaging-1  | 
postgres-messaging-1  | /usr/local/bin/docker-entrypoint.sh: ignoring /docker-entrypoint-initdb.d/*
postgres-messaging-1  | 
postgres-messaging-1  | waiting for server to shut down....2026-05-18 21:12:42.113 UTC [40] LOG:  received fast shutdown request
postgres-messaging-1  | 2026-05-18 21:12:42.115 UTC [40] LOG:  aborting any active transactions
postgres-messaging-1  | 2026-05-18 21:12:42.117 UTC [40] LOG:  background worker "logical replication launcher" (PID 46) exited with exit code 1
postgres-messaging-1  | 2026-05-18 21:12:42.117 UTC [41] LOG:  shutting down
postgres-messaging-1  | 2026-05-18 21:12:42.118 UTC [41] LOG:  checkpoint starting: shutdown immediate
postgres-messaging-1  | 2026-05-18 21:12:42.190 UTC [41] LOG:  checkpoint complete: wrote 926 buffers (5.7%); 0 WAL file(s) added, 0 removed, 0 recycled; write=0.011 s, sync=0.026 s, total=0.074 s; sync files=301, longest=0.008 s, average=0.001 s; distance=4272 kB, estimate=4272 kB; lsn=0/191E8F8, redo lsn=0/191E8F8
postgres-messaging-1  | 2026-05-18 21:12:42.194 UTC [40] LOG:  database system is shut down
postgres-messaging-1  |  done
postgres-messaging-1  | server stopped
postgres-messaging-1  | 
postgres-messaging-1  | PostgreSQL init process complete; ready for start up.
postgres-messaging-1  | 
postgres-messaging-1  | 2026-05-18 21:12:42.225 UTC [1] LOG:  starting PostgreSQL 16.13 on aarch64-unknown-linux-musl, compiled by gcc (Alpine 15.2.0) 15.2.0, 64-bit
postgres-messaging-1  | 2026-05-18 21:12:42.225 UTC [1] LOG:  listening on IPv4 address "0.0.0.0", port 5432
postgres-messaging-1  | 2026-05-18 21:12:42.225 UTC [1] LOG:  listening on IPv6 address "::", port 5432
postgres-messaging-1  | 2026-05-18 21:12:42.227 UTC [1] LOG:  listening on Unix socket "/var/run/postgresql/.s.PGSQL.5432"
postgres-messaging-1  | 2026-05-18 21:12:42.229 UTC [56] LOG:  database system was shut down at 2026-05-18 21:12:42 UTC
postgres-messaging-1  | 2026-05-18 21:12:42.232 UTC [1] LOG:  database system is ready to accept connections
messaging-service-1   | 2026/05/18 21:12:46 Messaging Service listening on :50053
rabbitmq-1            | 2026-05-18 21:12:43.844399+00:00 [notice] <0.44.0> Application syslog exited with reason: stopped
rabbitmq-1            | 2026-05-18 21:12:43.852818+00:00 [notice] <0.254.0> Logging: switching to configured handler(s); following messages may not be visible in this log output
rabbitmq-1            | [38;5;87m2026-05-18 21:12:43.853154+00:00 [notice] <0.254.0> Logging: configured log handlers are now ACTIVE[0m
rabbitmq-1            | 2026-05-18 21:12:43.859496+00:00 [info] <0.254.0> ra: starting system quorum_queues[0m
rabbitmq-1            | 2026-05-18 21:12:43.859526+00:00 [info] <0.254.0> starting Ra system: quorum_queues in directory: /var/lib/rabbitmq/mnesia/rabbit@ccae2d8ebade/quorum/rabbit@ccae2d8ebade[0m
rabbitmq-1            | 2026-05-18 21:12:43.904464+00:00 [info] <0.268.0> ra system 'quorum_queues' running pre init for 0 registered servers[0m
rabbitmq-1            | 2026-05-18 21:12:43.908980+00:00 [info] <0.269.0> ra: meta data store initialised for system quorum_queues. 0 record(s) recovered[0m
rabbitmq-1            | [38;5;87m2026-05-18 21:12:43.915281+00:00 [notice] <0.274.0> WAL: ra_log_wal init, open tbls: ra_log_open_mem_tables, closed tbls: ra_log_closed_mem_tables[0m
rabbitmq-1            | 2026-05-18 21:12:43.925194+00:00 [info] <0.254.0> ra: starting system coordination[0m
rabbitmq-1            | 2026-05-18 21:12:43.925225+00:00 [info] <0.254.0> starting Ra system: coordination in directory: /var/lib/rabbitmq/mnesia/rabbit@ccae2d8ebade/coordination/rabbit@ccae2d8ebade[0m
rabbitmq-1            | 2026-05-18 21:12:43.925824+00:00 [info] <0.282.0> ra system 'coordination' running pre init for 0 registered servers[0m
rabbitmq-1            | 2026-05-18 21:12:43.926141+00:00 [info] <0.283.0> ra: meta data store initialised for system coordination. 0 record(s) recovered[0m
rabbitmq-1            | [38;5;87m2026-05-18 21:12:43.926218+00:00 [notice] <0.288.0> WAL: ra_coordination_log_wal init, open tbls: ra_coordination_log_open_mem_tables, closed tbls: ra_coordination_log_closed_mem_tables[0m
rabbitmq-1            | 2026-05-18 21:12:43.927195+00:00 [info] <0.254.0> ra: starting system coordination[0m
rabbitmq-1            | 2026-05-18 21:12:43.927209+00:00 [info] <0.254.0> starting Ra system: coordination in directory: /var/lib/rabbitmq/mnesia/rabbit@ccae2d8ebade/coordination/rabbit@ccae2d8ebade[0m
rabbitmq-1            | 2026-05-18 21:12:43.968872+00:00 [info] <0.254.0> Waiting for Khepri leader for 30000 ms, 9 retries left[0m
rabbitmq-1            | [38;5;87m2026-05-18 21:12:43.970711+00:00 [notice] <0.292.0> RabbitMQ metadata store: candidate -> leader in term: 1 machine version: 1[0m
rabbitmq-1            | 2026-05-18 21:12:43.976201+00:00 [info] <0.254.0> Khepri leader elected[0m
rabbitmq-1            | 2026-05-18 21:12:43.976227+00:00 [info] <0.254.0> Waiting for Khepri projections for 30000 ms, 9 retries left[0m
rabbitmq-1            | 2026-05-18 21:12:44.116154+00:00 [info] <0.254.0> [0m
rabbitmq-1            | 2026-05-18 21:12:44.116154+00:00 [info] <0.254.0>  Starting RabbitMQ 3.13.7 on Erlang 26.2.5.16 [jit][0m
rabbitmq-1            | 2026-05-18 21:12:44.116154+00:00 [info] <0.254.0>  Copyright (c) 2007-2024 Broadcom Inc and/or its subsidiaries[0m
rabbitmq-1            | 2026-05-18 21:12:44.116154+00:00 [info] <0.254.0>  Licensed under the MPL 2.0. Website: https://rabbitmq.com[0m
rabbitmq-1            | 
rabbitmq-1            |   ##  ##      RabbitMQ 3.13.7
rabbitmq-1            |   ##  ##
rabbitmq-1            |   ##########  Copyright (c) 2007-2024 Broadcom Inc and/or its subsidiaries
rabbitmq-1            |   ######  ##
rabbitmq-1            |   ##########  Licensed under the MPL 2.0. Website: https://rabbitmq.com
rabbitmq-1            | 
rabbitmq-1            |   Erlang:      26.2.5.16 [jit]
rabbitmq-1            |   TLS Library: OpenSSL - OpenSSL 3.1.8 11 Feb 2025
rabbitmq-1            |   Release series support status: see https://www.rabbitmq.com/release-information
rabbitmq-1            | 
rabbitmq-1            |   Doc guides:  https://www.rabbitmq.com/docs
rabbitmq-1            |   Support:     https://www.rabbitmq.com/docs/contact
rabbitmq-1            |   Tutorials:   https://www.rabbitmq.com/tutorials
rabbitmq-1            |   Monitoring:  https://www.rabbitmq.com/docs/monitoring
rabbitmq-1            |   Upgrading:   https://www.rabbitmq.com/docs/upgrade
rabbitmq-1            | 
postgres-jobs-1       | The files belonging to this database system will be owned by user "postgres".
postgres-jobs-1       | This user must also own the server process.
postgres-jobs-1       | 
postgres-jobs-1       | The database cluster will be initialized with locale "en_US.utf8".
postgres-jobs-1       | The default database encoding has accordingly been set to "UTF8".
postgres-jobs-1       | The default text search configuration will be set to "english".
postgres-jobs-1       | 
postgres-jobs-1       | Data page checksums are disabled.
postgres-jobs-1       | 
postgres-jobs-1       | fixing permissions on existing directory /var/lib/postgresql/data ... ok
postgres-jobs-1       | creating subdirectories ... ok
postgres-jobs-1       | selecting dynamic shared memory implementation ... posix
postgres-jobs-1       | selecting default max_connections ... 100
postgres-jobs-1       | selecting default shared_buffers ... 128MB
postgres-jobs-1       | selecting default time zone ... UTC
postgres-jobs-1       | creating configuration files ... ok
postgres-jobs-1       | running bootstrap script ... ok
postgres-jobs-1       | sh: locale: not found
postgres-jobs-1       | 2026-05-18 21:12:41.546 UTC [35] WARNING:  no usable system locales were found
postgres-jobs-1       | performing post-bootstrap initialization ... ok
postgres-jobs-1       | syncing data to disk ... ok
postgres-jobs-1       | 
postgres-jobs-1       | 
postgres-jobs-1       | Success. You can now start the database server using:
postgres-jobs-1       | 
postgres-jobs-1       |     pg_ctl -D /var/lib/postgresql/data -l logfile start
postgres-jobs-1       | 
postgres-jobs-1       | initdb: warning: enabling "trust" authentication for local connections
postgres-jobs-1       | initdb: hint: You can change this by editing pg_hba.conf or using the option -A, or --auth-local and --auth-host, the next time you run initdb.
postgres-jobs-1       | waiting for server to start....2026-05-18 21:12:41.987 UTC [41] LOG:  starting PostgreSQL 16.13 on aarch64-unknown-linux-musl, compiled by gcc (Alpine 15.2.0) 15.2.0, 64-bit
postgres-jobs-1       | 2026-05-18 21:12:41.988 UTC [41] LOG:  listening on Unix socket "/var/run/postgresql/.s.PGSQL.5432"
postgres-jobs-1       | 2026-05-18 21:12:41.990 UTC [44] LOG:  database system was shut down at 2026-05-18 21:12:41 UTC
postgres-jobs-1       | 2026-05-18 21:12:41.992 UTC [41] LOG:  database system is ready to accept connections
postgres-jobs-1       |  done
postgres-jobs-1       | server started
postgres-jobs-1       | CREATE DATABASE
postgres-jobs-1       | 
postgres-jobs-1       | 
postgres-jobs-1       | /usr/local/bin/docker-entrypoint.sh: ignoring /docker-entrypoint-initdb.d/*
postgres-jobs-1       | 
postgres-jobs-1       | waiting for server to shut down....2026-05-18 21:12:42.114 UTC [41] LOG:  received fast shutdown request
postgres-jobs-1       | 2026-05-18 21:12:42.115 UTC [41] LOG:  aborting any active transactions
postgres-jobs-1       | 2026-05-18 21:12:42.117 UTC [41] LOG:  background worker "logical replication launcher" (PID 47) exited with exit code 1
postgres-jobs-1       | 2026-05-18 21:12:42.117 UTC [42] LOG:  shutting down
postgres-jobs-1       | 2026-05-18 21:12:42.119 UTC [42] LOG:  checkpoint starting: shutdown immediate
postgres-jobs-1       | 2026-05-18 21:12:42.172 UTC [42] LOG:  checkpoint complete: wrote 926 buffers (5.7%); 0 WAL file(s) added, 0 removed, 0 recycled; write=0.014 s, sync=0.021 s, total=0.055 s; sync files=301, longest=0.005 s, average=0.001 s; distance=4272 kB, estimate=4272 kB; lsn=0/191E8F0, redo lsn=0/191E8F0
postgres-jobs-1       | 2026-05-18 21:12:42.191 UTC [41] LOG:  database system is shut down
postgres-jobs-1       |  done
postgres-jobs-1       | server stopped
postgres-jobs-1       | 
postgres-jobs-1       | PostgreSQL init process complete; ready for start up.
postgres-jobs-1       | 
postgres-jobs-1       | 2026-05-18 21:12:42.227 UTC [1] LOG:  starting PostgreSQL 16.13 on aarch64-unknown-linux-musl, compiled by gcc (Alpine 15.2.0) 15.2.0, 64-bit
postgres-jobs-1       | 2026-05-18 21:12:42.227 UTC [1] LOG:  listening on IPv4 address "0.0.0.0", port 5432
postgres-jobs-1       | 2026-05-18 21:12:42.227 UTC [1] LOG:  listening on IPv6 address "::", port 5432
postgres-jobs-1       | 2026-05-18 21:12:42.228 UTC [1] LOG:  listening on Unix socket "/var/run/postgresql/.s.PGSQL.5432"
postgres-jobs-1       | 2026-05-18 21:12:42.230 UTC [57] LOG:  database system was shut down at 2026-05-18 21:12:42 UTC
postgres-jobs-1       | 2026-05-18 21:12:42.232 UTC [1] LOG:  database system is ready to accept connections
rabbitmq-1            |   Logs: <stdout>
rabbitmq-1            | 
rabbitmq-1            |   Config file(s): /etc/rabbitmq/conf.d/10-defaults.conf
rabbitmq-1            | 
rabbitmq-1            |   Starting broker...2026-05-18 21:12:44.116759+00:00 [info] <0.254.0> [0m
rabbitmq-1            | 2026-05-18 21:12:44.116759+00:00 [info] <0.254.0>  node           : rabbit@ccae2d8ebade[0m
rabbitmq-1            | 2026-05-18 21:12:44.116759+00:00 [info] <0.254.0>  home dir       : /var/lib/rabbitmq[0m
rabbitmq-1            | 2026-05-18 21:12:44.116759+00:00 [info] <0.254.0>  config file(s) : /etc/rabbitmq/conf.d/10-defaults.conf[0m
rabbitmq-1            | 2026-05-18 21:12:44.116759+00:00 [info] <0.254.0>  cookie hash    : Q34TzxIsDUmwrNdSXWahGg==[0m
rabbitmq-1            | 2026-05-18 21:12:44.116759+00:00 [info] <0.254.0>  log(s)         : <stdout>[0m
rabbitmq-1            | 2026-05-18 21:12:44.116759+00:00 [info] <0.254.0>  data dir       : /var/lib/rabbitmq/mnesia/rabbit@ccae2d8ebade[0m
rabbitmq-1            | 2026-05-18 21:12:44.339629+00:00 [info] <0.254.0> Running boot step pre_boot defined by app rabbit[0m
rabbitmq-1            | 2026-05-18 21:12:44.339663+00:00 [info] <0.254.0> Running boot step rabbit_global_counters defined by app rabbit[0m
rabbitmq-1            | 2026-05-18 21:12:44.339821+00:00 [info] <0.254.0> Running boot step rabbit_osiris_metrics defined by app rabbit[0m
rabbitmq-1            | 2026-05-18 21:12:44.339873+00:00 [info] <0.254.0> Running boot step rabbit_core_metrics defined by app rabbit[0m
rabbitmq-1            | 2026-05-18 21:12:44.340120+00:00 [info] <0.254.0> Running boot step rabbit_alarm defined by app rabbit[0m
rabbitmq-1            | 2026-05-18 21:12:44.347017+00:00 [info] <0.329.0> Memory high watermark set to 3174 MiB (3328797900 bytes) of 7936 MiB (8321994752 bytes) total[0m
rabbitmq-1            | 2026-05-18 21:12:44.348548+00:00 [info] <0.331.0> Enabling free disk space monitoring (disk free space: 185506402304, total memory: 8321994752)[0m
rabbitmq-1            | 2026-05-18 21:12:44.348573+00:00 [info] <0.331.0> Disk free limit set to 50MB[0m
rabbitmq-1            | 2026-05-18 21:12:44.349178+00:00 [info] <0.254.0> Running boot step code_server_cache defined by app rabbit[0m
rabbitmq-1            | 2026-05-18 21:12:44.349201+00:00 [info] <0.254.0> Running boot step file_handle_cache defined by app rabbit[0m
rabbitmq-1            | 2026-05-18 21:12:44.352187+00:00 [info] <0.334.0> Limiting to approx 1048479 file handles (943629 sockets)[0m
rabbitmq-1            | 2026-05-18 21:12:44.352235+00:00 [info] <0.335.0> FHC read buffering: OFF[0m
rabbitmq-1            | 2026-05-18 21:12:44.352248+00:00 [info] <0.335.0> FHC write buffering: ON[0m
rabbitmq-1            | 2026-05-18 21:12:44.352622+00:00 [info] <0.254.0> Running boot step worker_pool defined by app rabbit[0m
rabbitmq-1            | 2026-05-18 21:12:44.352646+00:00 [info] <0.315.0> Will use 8 processes for default worker pool[0m
rabbitmq-1            | 2026-05-18 21:12:44.352663+00:00 [info] <0.315.0> Starting worker pool 'worker_pool' with 8 processes in it[0m
rabbitmq-1            | 2026-05-18 21:12:44.352854+00:00 [info] <0.254.0> Running boot step database defined by app rabbit[0m
rabbitmq-1            | 2026-05-18 21:12:44.352994+00:00 [info] <0.254.0> Peer discovery: configured backend: rabbit_peer_discovery_classic_config[0m
rabbitmq-1            | [38;5;87m2026-05-18 21:12:44.353397+00:00 [notice] <0.316.0> Feature flags: attempt to enable `detailed_queues_endpoint`...[0m
rabbitmq-1            | [38;5;87m2026-05-18 21:12:44.393359+00:00 [notice] <0.316.0> Feature flags: `detailed_queues_endpoint` enabled[0m
rabbitmq-1            | [38;5;87m2026-05-18 21:12:44.393454+00:00 [notice] <0.316.0> Feature flags: attempt to enable `quorum_queue_non_voters`...[0m
rabbitmq-1            | [38;5;87m2026-05-18 21:12:44.470875+00:00 [notice] <0.316.0> Feature flags: `quorum_queue_non_voters` enabled[0m
rabbitmq-1            | [38;5;87m2026-05-18 21:12:44.470955+00:00 [notice] <0.316.0> Feature flags: attempt to enable `stream_update_config_command`...[0m
rabbitmq-1            | [38;5;87m2026-05-18 21:12:44.511769+00:00 [notice] <0.316.0> Feature flags: `stream_update_config_command` enabled[0m
rabbitmq-1            | [38;5;87m2026-05-18 21:12:44.511911+00:00 [notice] <0.316.0> Feature flags: attempt to enable `stream_filtering`...[0m
rabbitmq-1            | [38;5;87m2026-05-18 21:12:44.551557+00:00 [notice] <0.316.0> Feature flags: `stream_filtering` enabled[0m
rabbitmq-1            | [38;5;87m2026-05-18 21:12:44.551639+00:00 [notice] <0.316.0> Feature flags: attempt to enable `stream_sac_coordinator_unblock_group`...[0m
rabbitmq-1            | [38;5;87m2026-05-18 21:12:44.589464+00:00 [notice] <0.316.0> Feature flags: `stream_sac_coordinator_unblock_group` enabled[0m
rabbitmq-1            | [38;5;87m2026-05-18 21:12:44.589547+00:00 [notice] <0.316.0> Feature flags: attempt to enable `restart_streams`...[0m
rabbitmq-1            | [38;5;87m2026-05-18 21:12:44.629919+00:00 [notice] <0.316.0> Feature flags: `restart_streams` enabled[0m
rabbitmq-1            | [38;5;87m2026-05-18 21:12:44.629995+00:00 [notice] <0.316.0> Feature flags: attempt to enable `message_containers`...[0m
rabbitmq-1            | [38;5;87m2026-05-18 21:12:44.669685+00:00 [notice] <0.316.0> Feature flags: `message_containers` enabled[0m
rabbitmq-1            | [38;5;87m2026-05-18 21:12:44.669752+00:00 [notice] <0.316.0> Feature flags: attempt to enable `message_containers_deaths_v2`...[0m
rabbitmq-1            | [38;5;87m2026-05-18 21:12:44.708891+00:00 [notice] <0.316.0> Feature flags: `message_containers_deaths_v2` enabled[0m
rabbitmq-1            | 2026-05-18 21:12:44.709039+00:00 [info] <0.254.0> DB: virgin node -> run peer discovery[0m
rabbitmq-1            | [38;5;214m2026-05-18 21:12:44.709062+00:00 [warning] <0.254.0> Classic peer discovery backend: list of nodes does not contain the local node [][0m
rabbitmq-1            | [38;5;87m2026-05-18 21:12:44.716622+00:00 [notice] <0.44.0> Application mnesia exited with reason: stopped[0m
rabbitmq-1            | 2026-05-18 21:12:44.803199+00:00 [info] <0.254.0> Waiting for Mnesia tables for 30000 ms, 9 retries left[0m
rabbitmq-1            | 2026-05-18 21:12:44.803274+00:00 [info] <0.254.0> Successfully synced tables from a peer[0m
rabbitmq-1            | 2026-05-18 21:12:44.803311+00:00 [info] <0.254.0> Waiting for Mnesia tables for 30000 ms, 9 retries left[0m
rabbitmq-1            | 2026-05-18 21:12:44.803379+00:00 [info] <0.254.0> Successfully synced tables from a peer[0m
rabbitmq-1            | 2026-05-18 21:12:44.805273+00:00 [info] <0.254.0> Waiting for Mnesia tables for 30000 ms, 9 retries left[0m
rabbitmq-1            | 2026-05-18 21:12:44.805325+00:00 [info] <0.254.0> Successfully synced tables from a peer[0m
rabbitmq-1            | 2026-05-18 21:12:44.805396+00:00 [info] <0.254.0> Running boot step tracking_metadata_store defined by app rabbit[0m
rabbitmq-1            | 2026-05-18 21:12:44.805451+00:00 [info] <0.562.0> Setting up a table for connection tracking on this node: tracked_connection[0m
rabbitmq-1            | 2026-05-18 21:12:44.805471+00:00 [info] <0.562.0> Setting up a table for per-vhost connection counting on this node: tracked_connection_per_vhost[0m
rabbitmq-1            | 2026-05-18 21:12:44.805502+00:00 [info] <0.562.0> Setting up a table for per-user connection counting on this node: tracked_connection_per_user[0m
rabbitmq-1            | 2026-05-18 21:12:44.805534+00:00 [info] <0.562.0> Setting up a table for channel tracking on this node: tracked_channel[0m
rabbitmq-1            | 2026-05-18 21:12:44.805560+00:00 [info] <0.562.0> Setting up a table for channel tracking on this node: tracked_channel_per_user[0m
rabbitmq-1            | 2026-05-18 21:12:44.805577+00:00 [info] <0.254.0> Running boot step networking_metadata_store defined by app rabbit[0m
rabbitmq-1            | 2026-05-18 21:12:44.805601+00:00 [info] <0.254.0> Running boot step feature_flags defined by app rabbit[0m
rabbitmq-1            | 2026-05-18 21:12:44.805661+00:00 [info] <0.254.0> Running boot step codec_correctness_check defined by app rabbit[0m
rabbitmq-1            | 2026-05-18 21:12:44.805683+00:00 [info] <0.254.0> Running boot step external_infrastructure defined by app rabbit[0m
rabbitmq-1            | 2026-05-18 21:12:44.805698+00:00 [info] <0.254.0> Running boot step rabbit_event defined by app rabbit[0m
rabbitmq-1            | 2026-05-18 21:12:44.805765+00:00 [info] <0.254.0> Running boot step rabbit_registry defined by app rabbit[0m
rabbitmq-1            | 2026-05-18 21:12:44.805789+00:00 [info] <0.254.0> Running boot step rabbit_auth_mechanism_amqplain defined by app rabbit[0m
rabbitmq-1            | 2026-05-18 21:12:44.805824+00:00 [info] <0.254.0> Running boot step rabbit_auth_mechanism_cr_demo defined by app rabbit[0m
rabbitmq-1            | 2026-05-18 21:12:44.805841+00:00 [info] <0.254.0> Running boot step rabbit_auth_mechanism_plain defined by app rabbit[0m
rabbitmq-1            | 2026-05-18 21:12:44.805853+00:00 [info] <0.254.0> Running boot step rabbit_exchange_type_direct defined by app rabbit[0m
rabbitmq-1            | 2026-05-18 21:12:44.805875+00:00 [info] <0.254.0> Running boot step rabbit_exchange_type_fanout defined by app rabbit[0m
rabbitmq-1            | 2026-05-18 21:12:44.805893+00:00 [info] <0.254.0> Running boot step rabbit_exchange_type_headers defined by app rabbit[0m
rabbitmq-1            | 2026-05-18 21:12:44.805914+00:00 [info] <0.254.0> Running boot step rabbit_exchange_type_topic defined by app rabbit[0m
rabbitmq-1            | 2026-05-18 21:12:44.805927+00:00 [info] <0.254.0> Running boot step rabbit_mirror_queue_mode_all defined by app rabbit[0m
rabbitmq-1            | 2026-05-18 21:12:44.805945+00:00 [info] <0.254.0> Running boot step rabbit_mirror_queue_mode_exactly defined by app rabbit[0m
rabbitmq-1            | 2026-05-18 21:12:44.805963+00:00 [info] <0.254.0> Running boot step rabbit_mirror_queue_mode_nodes defined by app rabbit[0m
rabbitmq-1            | 2026-05-18 21:12:44.805976+00:00 [info] <0.254.0> Running boot step rabbit_priority_queue defined by app rabbit[0m
rabbitmq-1            | 2026-05-18 21:12:44.805984+00:00 [info] <0.254.0> Priority queues enabled, real BQ is rabbit_variable_queue[0m
rabbitmq-1            | 2026-05-18 21:12:44.806002+00:00 [info] <0.254.0> Running boot step rabbit_queue_location_client_local defined by app rabbit[0m
rabbitmq-1            | 2026-05-18 21:12:44.806016+00:00 [info] <0.254.0> Running boot step rabbit_queue_location_min_masters defined by app rabbit[0m
rabbitmq-1            | 2026-05-18 21:12:44.806031+00:00 [info] <0.254.0> Running boot step rabbit_queue_location_random defined by app rabbit[0m
rabbitmq-1            | 2026-05-18 21:12:44.806041+00:00 [info] <0.254.0> Running boot step kernel_ready defined by app rabbit[0m
rabbitmq-1            | 2026-05-18 21:12:44.806048+00:00 [info] <0.254.0> Running boot step rabbit_sysmon_minder defined by app rabbit[0m
rabbitmq-1            | 2026-05-18 21:12:44.806102+00:00 [info] <0.254.0> Running boot step rabbit_epmd_monitor defined by app rabbit[0m
rabbitmq-1            | 2026-05-18 21:12:44.806584+00:00 [info] <0.570.0> epmd monitor knows us, inter-node communication (distribution) port: 25672[0m
rabbitmq-1            | 2026-05-18 21:12:44.806631+00:00 [info] <0.254.0> Running boot step guid_generator defined by app rabbit[0m
rabbitmq-1            | 2026-05-18 21:12:44.807367+00:00 [info] <0.254.0> Running boot step rabbit_node_monitor defined by app rabbit[0m
rabbitmq-1            | 2026-05-18 21:12:44.807502+00:00 [info] <0.574.0> Starting rabbit_node_monitor (in ignore mode)[0m
rabbitmq-1            | 2026-05-18 21:12:44.807555+00:00 [info] <0.254.0> Running boot step delegate_sup defined by app rabbit[0m
rabbitmq-1            | 2026-05-18 21:12:44.807793+00:00 [info] <0.254.0> Running boot step rabbit_memory_monitor defined by app rabbit[0m
rabbitmq-1            | 2026-05-18 21:12:44.807899+00:00 [info] <0.254.0> Running boot step rabbit_fifo_dlx_sup defined by app rabbit[0m
rabbitmq-1            | 2026-05-18 21:12:44.807928+00:00 [info] <0.254.0> Running boot step core_initialized defined by app rabbit[0m
rabbitmq-1            | 2026-05-18 21:12:44.807935+00:00 [info] <0.254.0> Running boot step rabbit_channel_tracking_handler defined by app rabbit[0m
rabbitmq-1            | 2026-05-18 21:12:44.807962+00:00 [info] <0.254.0> Running boot step rabbit_connection_tracking_handler defined by app rabbit[0m
rabbitmq-1            | 2026-05-18 21:12:44.807980+00:00 [info] <0.254.0> Running boot step rabbit_definitions_hashing defined by app rabbit[0m
rabbitmq-1            | 2026-05-18 21:12:44.808003+00:00 [info] <0.254.0> Running boot step rabbit_exchange_parameters defined by app rabbit[0m
rabbitmq-1            | 2026-05-18 21:12:44.820839+00:00 [info] <0.254.0> Running boot step rabbit_mirror_queue_misc defined by app rabbit[0m
rabbitmq-1            | 2026-05-18 21:12:44.821028+00:00 [info] <0.254.0> Running boot step rabbit_policies defined by app rabbit[0m
rabbitmq-1            | 2026-05-18 21:12:44.821125+00:00 [info] <0.254.0> Running boot step rabbit_policy defined by app rabbit[0m
rabbitmq-1            | 2026-05-18 21:12:44.821147+00:00 [info] <0.254.0> Running boot step rabbit_queue_location_validator defined by app rabbit[0m
rabbitmq-1            | 2026-05-18 21:12:44.821237+00:00 [info] <0.254.0> Running boot step rabbit_quorum_memory_manager defined by app rabbit[0m
rabbitmq-1            | 2026-05-18 21:12:44.821284+00:00 [info] <0.254.0> Running boot step rabbit_quorum_queue defined by app rabbit[0m
rabbitmq-1            | 2026-05-18 21:12:44.821310+00:00 [info] <0.254.0> Running boot step rabbit_stream_coordinator defined by app rabbit[0m
rabbitmq-1            | 2026-05-18 21:12:44.821699+00:00 [info] <0.254.0> Running boot step rabbit_vhost_limit defined by app rabbit[0m
rabbitmq-1            | 2026-05-18 21:12:44.821835+00:00 [info] <0.254.0> Running boot step rabbit_federation_parameters defined by app rabbitmq_federation[0m
rabbitmq-1            | 2026-05-18 21:12:44.822065+00:00 [info] <0.254.0> Running boot step rabbit_federation_supervisor defined by app rabbitmq_federation[0m
rabbitmq-1            | 2026-05-18 21:12:44.826464+00:00 [info] <0.254.0> Running boot step rabbit_federation_queue defined by app rabbitmq_federation[0m
rabbitmq-1            | 2026-05-18 21:12:44.826543+00:00 [info] <0.254.0> Running boot step rabbit_federation_upstream_exchange defined by app rabbitmq_federation[0m
rabbitmq-1            | 2026-05-18 21:12:44.826571+00:00 [info] <0.254.0> Running boot step rabbit_mgmt_reset_handler defined by app rabbitmq_management[0m
rabbitmq-1            | 2026-05-18 21:12:44.826589+00:00 [info] <0.254.0> Running boot step rabbit_mgmt_db_handler defined by app rabbitmq_management_agent[0m
rabbitmq-1            | 2026-05-18 21:12:44.826600+00:00 [info] <0.254.0> Management plugin: using rates mode 'basic'[0m
rabbitmq-1            | 2026-05-18 21:12:44.826683+00:00 [info] <0.254.0> Running boot step recovery defined by app rabbit[0m
rabbitmq-1            | 2026-05-18 21:12:44.833037+00:00 [info] <0.254.0> Running boot step empty_db_check defined by app rabbit[0m
rabbitmq-1            | 2026-05-18 21:12:44.833053+00:00 [info] <0.254.0> Will seed default virtual host and user...[0m
rabbitmq-1            | 2026-05-18 21:12:44.833092+00:00 [info] <0.254.0> Adding vhost '/' (description: 'Default virtual host', tags: [])[0m
rabbitmq-1            | 2026-05-18 21:12:44.867397+00:00 [info] <0.634.0> Making sure data directory '/var/lib/rabbitmq/mnesia/rabbit@ccae2d8ebade/msg_stores/vhosts/628WB79CIFDYO9LJI6DKMI09L' for vhost '/' exists[0m
rabbitmq-1            | 2026-05-18 21:12:44.877475+00:00 [info] <0.634.0> Setting segment_entry_count for vhost '/' with 0 queues to '2048'[0m
rabbitmq-1            | 2026-05-18 21:12:44.887710+00:00 [info] <0.634.0> Starting message stores for vhost '/'[0m
rabbitmq-1            | 2026-05-18 21:12:44.887835+00:00 [info] <0.643.0> Message store "628WB79CIFDYO9LJI6DKMI09L/msg_store_transient": using rabbit_msg_store_ets_index to provide index[0m
rabbitmq-1            | 2026-05-18 21:12:44.888950+00:00 [info] <0.634.0> Started message store of type transient for vhost '/'[0m
rabbitmq-1            | 2026-05-18 21:12:44.889053+00:00 [info] <0.647.0> Message store "628WB79CIFDYO9LJI6DKMI09L/msg_store_persistent": using rabbit_msg_store_ets_index to provide index[0m
rabbitmq-1            | [38;5;214m2026-05-18 21:12:44.889496+00:00 [warning] <0.647.0> Message store "628WB79CIFDYO9LJI6DKMI09L/msg_store_persistent": rebuilding indices from scratch[0m
rabbitmq-1            | 2026-05-18 21:12:44.889989+00:00 [info] <0.634.0> Started message store of type persistent for vhost '/'[0m
rabbitmq-1            | 2026-05-18 21:12:44.890049+00:00 [info] <0.634.0> Recovering 0 queues of type rabbit_classic_queue took 12ms[0m
rabbitmq-1            | 2026-05-18 21:12:44.890062+00:00 [info] <0.634.0> Recovering 0 queues of type rabbit_quorum_queue took 0ms[0m
rabbitmq-1            | 2026-05-18 21:12:44.890081+00:00 [info] <0.634.0> Recovering 0 queues of type rabbit_stream_queue took 0ms[0m
rabbitmq-1            | 2026-05-18 21:12:44.891633+00:00 [info] <0.254.0> Created user 'guest'[0m
rabbitmq-1            | 2026-05-18 21:12:44.892183+00:00 [info] <0.254.0> Successfully set user tags for user 'guest' to [administrator][0m
rabbitmq-1            | 2026-05-18 21:12:44.892690+00:00 [info] <0.254.0> Successfully set permissions for user 'guest' in virtual host '/' to '.*', '.*', '.*'[0m
rabbitmq-1            | 2026-05-18 21:12:44.892705+00:00 [info] <0.254.0> Running boot step rabbit_observer_cli defined by app rabbit[0m
rabbitmq-1            | 2026-05-18 21:12:44.892749+00:00 [info] <0.254.0> Running boot step rabbit_looking_glass defined by app rabbit[0m
rabbitmq-1            | 2026-05-18 21:12:44.892770+00:00 [info] <0.254.0> Running boot step rabbit_core_metrics_gc defined by app rabbit[0m
rabbitmq-1            | 2026-05-18 21:12:44.892829+00:00 [info] <0.254.0> Running boot step background_gc defined by app rabbit[0m
rabbitmq-1            | 2026-05-18 21:12:44.892874+00:00 [info] <0.254.0> Running boot step routing_ready defined by app rabbit[0m
rabbitmq-1            | 2026-05-18 21:12:44.892882+00:00 [info] <0.254.0> Running boot step pre_flight defined by app rabbit[0m
rabbitmq-1            | 2026-05-18 21:12:44.892892+00:00 [info] <0.254.0> Running boot step notify_cluster defined by app rabbit[0m
rabbitmq-1            | 2026-05-18 21:12:44.892902+00:00 [info] <0.254.0> Running boot step networking defined by app rabbit[0m
rabbitmq-1            | 2026-05-18 21:12:44.892912+00:00 [info] <0.254.0> Running boot step rabbit_quorum_queue_periodic_membership_reconciliation defined by app rabbit[0m
rabbitmq-1            | 2026-05-18 21:12:44.892956+00:00 [info] <0.254.0> Running boot step definition_import_worker_pool defined by app rabbit[0m
rabbitmq-1            | 2026-05-18 21:12:44.892979+00:00 [info] <0.315.0> Starting worker pool 'definition_import_pool' with 8 processes in it[0m
rabbitmq-1            | 2026-05-18 21:12:44.893311+00:00 [info] <0.254.0> Running boot step cluster_name defined by app rabbit[0m
rabbitmq-1            | 2026-05-18 21:12:44.893343+00:00 [info] <0.254.0> Initialising internal cluster ID to 'rabbitmq-cluster-id-d7B4y00XEmLC1CEj3iO-OA'[0m
rabbitmq-1            | 2026-05-18 21:12:44.894026+00:00 [info] <0.254.0> Running boot step virtual_host_reconciliation defined by app rabbit[0m
rabbitmq-1            | 2026-05-18 21:12:44.894119+00:00 [info] <0.254.0> Running boot step direct_client defined by app rabbit[0m
rabbitmq-1            | 2026-05-18 21:12:44.894156+00:00 [info] <0.254.0> Running boot step rabbit_federation_exchange defined by app rabbitmq_federation[0m
rabbitmq-1            | 2026-05-18 21:12:44.894226+00:00 [info] <0.254.0> Running boot step rabbit_management_load_definitions defined by app rabbitmq_management[0m
rabbitmq-1            | 2026-05-18 21:12:44.894267+00:00 [info] <0.688.0> Resetting node maintenance status[0m
rabbitmq-1            | [38;5;214m2026-05-18 21:12:45.025628+00:00 [warning] <0.717.0> Deprecated features: `management_metrics_collection`: Feature `management_metrics_collection` is deprecated.[0m
rabbitmq-1            | [38;5;214m2026-05-18 21:12:45.025628+00:00 [warning] <0.717.0> By default, this feature can still be used for now.[0m
rabbitmq-1            | [38;5;214m2026-05-18 21:12:45.025628+00:00 [warning] <0.717.0> Its use will not be permitted by default in a future minor RabbitMQ version and the feature will be removed from a future major RabbitMQ version; actual versions to be determined.[0m
rabbitmq-1            | [38;5;214m2026-05-18 21:12:45.025628+00:00 [warning] <0.717.0> To continue using this feature when it is not permitted by default, set the following parameter in your configuration:[0m
rabbitmq-1            | [38;5;214m2026-05-18 21:12:45.025628+00:00 [warning] <0.717.0>     "deprecated_features.permit.management_metrics_collection = true"[0m
rabbitmq-1            | [38;5;214m2026-05-18 21:12:45.025628+00:00 [warning] <0.717.0> To test RabbitMQ as if the feature was removed, set this in your configuration:[0m
rabbitmq-1            | [38;5;214m2026-05-18 21:12:45.025628+00:00 [warning] <0.717.0>     "deprecated_features.permit.management_metrics_collection = false"[0m
rabbitmq-1            | 2026-05-18 21:12:46.996009+00:00 [info] <0.754.0> Management plugin: HTTP (non-TLS) listener started on port 15672[0m
rabbitmq-1            | 2026-05-18 21:12:46.996095+00:00 [info] <0.786.0> Statistics database started.[0m
rabbitmq-1            | 2026-05-18 21:12:46.996135+00:00 [info] <0.785.0> Starting worker pool 'management_worker_pool' with 3 processes in it[0m
rabbitmq-1            | 2026-05-18 21:12:47.000108+00:00 [info] <0.804.0> Prometheus metrics: HTTP (non-TLS) listener started on port 15692[0m
rabbitmq-1            | 2026-05-18 21:12:47.000171+00:00 [info] <0.688.0> Ready to start client connection listeners[0m
rabbitmq-1            | 2026-05-18 21:12:47.000999+00:00 [info] <0.848.0> started TCP listener on [::]:5672[0m
rabbitmq-1            |  completed with 5 plugins.
rabbitmq-1            | 2026-05-18 21:12:47.067033+00:00 [info] <0.688.0> Server startup complete; 5 plugins started.[0m
rabbitmq-1            | 2026-05-18 21:12:47.067033+00:00 [info] <0.688.0>  * rabbitmq_prometheus[0m
rabbitmq-1            | 2026-05-18 21:12:47.067033+00:00 [info] <0.688.0>  * rabbitmq_federation[0m
rabbitmq-1            | 2026-05-18 21:12:47.067033+00:00 [info] <0.688.0>  * rabbitmq_management[0m
rabbitmq-1            | 2026-05-18 21:12:47.067033+00:00 [info] <0.688.0>  * rabbitmq_management_agent[0m
rabbitmq-1            | 2026-05-18 21:12:47.067033+00:00 [info] <0.688.0>  * rabbitmq_web_dispatch[0m
rabbitmq-1            | 2026-05-18 21:12:47.108684+00:00 [info] <0.9.0> Time to start RabbitMQ: 5400 ms[0m
[Kredis-1 has been recreated
redis-1               | 1:C 18 May 2026 21:15:48.338 * oO0OoO0OoO0Oo Redis is starting oO0OoO0OoO0Oo
redis-1               | 1:C 18 May 2026 21:15:48.338 * Redis version=7.4.9, bits=64, commit=00000000, modified=0, pid=1, just started
redis-1               | 1:C 18 May 2026 21:15:48.338 # Warning: no config file specified, using the default config. In order to specify a config file use redis-server /path/to/redis.conf
redis-1               | 1:M 18 May 2026 21:15:48.339 * monotonic clock: POSIX clock_gettime
redis-1               | 1:M 18 May 2026 21:15:48.340 * Running mode=standalone, port=6379.
redis-1               | 1:M 18 May 2026 21:15:48.340 * Server initialized
redis-1               | 1:M 18 May 2026 21:15:48.340 * Ready to accept connections tcp
job-migrate-1         | 1/u create_jobs (12.365291ms)
job-migrate-1         | 2/u create_applications (21.658458ms)
job-migrate-1         | 3/u alter_ids_to_text (38.787333ms)
messaging-gateway-1   | 2026/05/18 21:15:48 API Gateway listening on :8081
messaging-gateway-1   | [GIN-debug] [WARNING] Creating an Engine instance with the Logger and Recovery middleware already attached.
messaging-gateway-1   | 
messaging-gateway-1   | [GIN-debug] [WARNING] Running in "debug" mode. Switch to "release" mode in production.
messaging-gateway-1   |  - using env:	export GIN_MODE=release
messaging-gateway-1   |  - using code:	gin.SetMode(gin.ReleaseMode)
messaging-gateway-1   | 
messaging-gateway-1   | [GIN-debug] POST   /api/messages             --> main.main.func1 (4 handlers)
messaging-gateway-1   | [GIN-debug] GET    /api/messages             --> main.main.func2 (4 handlers)
messaging-gateway-1   | [GIN-debug] GET    /api/dialogs              --> main.main.func3 (4 handlers)
messaging-gateway-1   | [GIN-debug] [WARNING] You trusted all proxies, this is NOT safe. We recommend you to set a value.
messaging-gateway-1   | Please check https://pkg.go.dev/github.com/gin-gonic/gin#readme-don-t-trust-all-proxies for details.
messaging-gateway-1   | [GIN-debug] Listening and serving HTTP on :8081
[Kjob-migrate-1 exited with code 0
rabbitmq-1            | 2026-05-18 21:15:49.437903+00:00 [info] <0.951.0> accepting AMQP connection <0.951.0> (172.21.0.7:58606 -> 172.21.0.6:5672)[0m
rabbitmq-1            | 2026-05-18 21:15:49.440429+00:00 [info] <0.951.0> connection <0.951.0> (172.21.0.7:58606 -> 172.21.0.6:5672): user 'guest' authenticated and granted access to vhost '/'[0m
job-service-1         | 2026/05/18 21:15:49 Job Service listening on :50052
postgres-users-1      | The files belonging to this database system will be owned by user "postgres".
postgres-users-1      | This user must also own the server process.
postgres-users-1      | 
postgres-users-1      | The database cluster will be initialized with locale "en_US.utf8".
postgres-users-1      | The default database encoding has accordingly been set to "UTF8".
postgres-users-1      | The default text search configuration will be set to "english".
postgres-users-1      | 
postgres-users-1      | Data page checksums are disabled.
postgres-users-1      | 
postgres-users-1      | fixing permissions on existing directory /var/lib/postgresql/data ... ok
postgres-users-1      | creating subdirectories ... ok
postgres-users-1      | selecting dynamic shared memory implementation ... posix
postgres-users-1      | selecting default max_connections ... 100
postgres-users-1      | selecting default shared_buffers ... 128MB
postgres-users-1      | selecting default time zone ... UTC
postgres-users-1      | creating configuration files ... ok
postgres-users-1      | running bootstrap script ... ok
postgres-users-1      | sh: locale: not found
postgres-users-1      | 2026-05-18 21:15:48.517 UTC [36] WARNING:  no usable system locales were found
postgres-users-1      | performing post-bootstrap initialization ... ok
postgres-users-1      | initdb: warning: enabling "trust" authentication for local connections
postgres-users-1      | initdb: hint: You can change this by editing pg_hba.conf or using the option -A, or --auth-local and --auth-host, the next time you run initdb.
postgres-users-1      | syncing data to disk ... ok
postgres-users-1      | 
postgres-users-1      | 
postgres-users-1      | Success. You can now start the database server using:
postgres-users-1      | 
postgres-users-1      |     pg_ctl -D /var/lib/postgresql/data -l logfile start
postgres-users-1      | 
postgres-users-1      | waiting for server to start....2026-05-18 21:15:48.760 UTC [42] LOG:  starting PostgreSQL 16.13 on aarch64-unknown-linux-musl, compiled by gcc (Alpine 15.2.0) 15.2.0, 64-bit
postgres-users-1      | 2026-05-18 21:15:48.761 UTC [42] LOG:  listening on Unix socket "/var/run/postgresql/.s.PGSQL.5432"
postgres-users-1      | 2026-05-18 21:15:48.762 UTC [45] LOG:  database system was shut down at 2026-05-18 21:15:48 UTC
postgres-users-1      | 2026-05-18 21:15:48.765 UTC [42] LOG:  database system is ready to accept connections
postgres-users-1      |  done
postgres-users-1      | server started
postgres-users-1      | CREATE DATABASE
postgres-users-1      | 
postgres-users-1      | 
postgres-users-1      | /usr/local/bin/docker-entrypoint.sh: running /docker-entrypoint-initdb.d/001_create_users.sql
postgres-users-1      | CREATE EXTENSION
postgres-users-1      | CREATE TYPE
postgres-users-1      | CREATE TABLE
postgres-users-1      | CREATE INDEX
postgres-users-1      | CREATE INDEX
postgres-users-1      | CREATE FUNCTION
postgres-users-1      | CREATE TRIGGER
postgres-users-1      | 
postgres-users-1      | 
postgres-users-1      | waiting for server to shut down....2026-05-18 21:15:48.905 UTC [42] LOG:  received fast shutdown request
postgres-users-1      | 2026-05-18 21:15:48.906 UTC [42] LOG:  aborting any active transactions
postgres-users-1      | 2026-05-18 21:15:48.907 UTC [42] LOG:  background worker "logical replication launcher" (PID 48) exited with exit code 1
postgres-users-1      | 2026-05-18 21:15:48.908 UTC [43] LOG:  shutting down
postgres-users-1      | 2026-05-18 21:15:48.908 UTC [43] LOG:  checkpoint starting: shutdown immediate
postgres-users-1      | 2026-05-18 21:15:48.936 UTC [43] LOG:  checkpoint complete: wrote 939 buffers (5.7%); 0 WAL file(s) added, 0 removed, 0 recycled; write=0.011 s, sync=0.016 s, total=0.028 s; sync files=308, longest=0.005 s, average=0.001 s; distance=4320 kB, estimate=4320 kB; lsn=0/192A948, redo lsn=0/192A948
postgres-users-1      | 2026-05-18 21:15:48.938 UTC [42] LOG:  database system is shut down
postgres-users-1      |  done
postgres-users-1      | server stopped
postgres-users-1      | 
postgres-users-1      | PostgreSQL init process complete; ready for start up.
postgres-users-1      | 
postgres-users-1      | 2026-05-18 21:15:49.016 UTC [1] LOG:  starting PostgreSQL 16.13 on aarch64-unknown-linux-musl, compiled by gcc (Alpine 15.2.0) 15.2.0, 64-bit
postgres-users-1      | 2026-05-18 21:15:49.016 UTC [1] LOG:  listening on IPv4 address "0.0.0.0", port 5432
postgres-users-1      | 2026-05-18 21:15:49.016 UTC [1] LOG:  listening on IPv6 address "::", port 5432
postgres-users-1      | 2026-05-18 21:15:49.017 UTC [1] LOG:  listening on Unix socket "/var/run/postgresql/.s.PGSQL.5432"
postgres-users-1      | 2026-05-18 21:15:49.019 UTC [60] LOG:  database system was shut down at 2026-05-18 21:15:48 UTC
postgres-users-1      | 2026-05-18 21:15:49.021 UTC [1] LOG:  database system is ready to accept connections
job-gateway-1         | 2026/05/18 21:15:58 API Gateway listening on :8080 | job=job-service:50052 user=user-service:50051 messaging=messaging-service:50053
frontend-1            | /docker-entrypoint.sh: /docker-entrypoint.d/ is not empty, will attempt to perform configuration
frontend-1            | /docker-entrypoint.sh: Looking for shell scripts in /docker-entrypoint.d/
frontend-1            | /docker-entrypoint.sh: Launching /docker-entrypoint.d/10-listen-on-ipv6-by-default.sh
frontend-1            | 10-listen-on-ipv6-by-default.sh: info: Getting the checksum of /etc/nginx/conf.d/default.conf
frontend-1            | 10-listen-on-ipv6-by-default.sh: info: /etc/nginx/conf.d/default.conf differs from the packaged version
frontend-1            | /docker-entrypoint.sh: Sourcing /docker-entrypoint.d/15-local-resolvers.envsh
frontend-1            | /docker-entrypoint.sh: Launching /docker-entrypoint.d/20-envsubst-on-templates.sh
frontend-1            | /docker-entrypoint.sh: Launching /docker-entrypoint.d/30-tune-worker-processes.sh
frontend-1            | /docker-entrypoint.sh: Configuration complete; ready for start up
frontend-1            | 2026/05/18 21:15:58 [notice] 1#1: using the "epoll" event method
frontend-1            | 2026/05/18 21:15:58 [notice] 1#1: nginx/1.29.7
frontend-1            | 2026/05/18 21:15:58 [notice] 1#1: built by gcc 15.2.0 (Alpine 15.2.0) 
frontend-1            | 2026/05/18 21:15:58 [notice] 1#1: OS: Linux 6.12.76-linuxkit
frontend-1            | 2026/05/18 21:15:58 [notice] 1#1: getrlimit(RLIMIT_NOFILE): 1048576:1048576
frontend-1            | 2026/05/18 21:15:58 [notice] 1#1: start worker processes
frontend-1            | 2026/05/18 21:15:58 [notice] 1#1: start worker process 29
frontend-1            | 2026/05/18 21:15:58 [notice] 1#1: start worker process 30
frontend-1            | 2026/05/18 21:15:58 [notice] 1#1: start worker process 31
frontend-1            | 2026/05/18 21:15:58 [notice] 1#1: start worker process 32
frontend-1            | 2026/05/18 21:15:58 [notice] 1#1: start worker process 33
frontend-1            | 2026/05/18 21:15:58 [notice] 1#1: start worker process 34
frontend-1            | 2026/05/18 21:15:58 [notice] 1#1: start worker process 35
frontend-1            | 2026/05/18 21:15:58 [notice] 1#1: start worker process 36
frontend-1            | 192.168.65.1 - - [18/May/2026:21:15:58 +0000] "HEAD / HTTP/1.1" 200 0 "-" "curl/8.7.1" "-"
user-service-1        | {"time":"2026-05-18T21:16:00.008300012Z","level":"ERROR","msg":"failed to connect to database","error":"ping database: failed to connect to `user=postgres database=userservice`: hostname resolving error: lookup postgres-users on 127.0.0.11:53: no such host"}
[Kuser-service-1 exited with code 1 (restarting)
user-service-1        | {"time":"2026-05-18T21:16:00.259639929Z","level":"ERROR","msg":"failed to connect to database","error":"ping database: failed to connect to `user=postgres database=userservice`: hostname resolving error: lookup postgres-users on 127.0.0.11:53: no such host"}
[Kuser-service-1 exited with code 1 (restarting)
user-service-1        | {"time":"2026-05-18T21:16:00.542396971Z","level":"ERROR","msg":"failed to connect to database","error":"ping database: failed to connect to `user=postgres database=userservice`: hostname resolving error: lookup postgres-users on 127.0.0.11:53: no such host"}
[Kuser-service-1 exited with code 1 (restarting)
user-service-1        | {"time":"2026-05-18T21:16:01.043463179Z","level":"ERROR","msg":"failed to connect to database","error":"ping database: failed to connect to `user=postgres database=userservice`: hostname resolving error: lookup postgres-users on 127.0.0.11:53: no such host"}
[Kuser-service-1 exited with code 1 (restarting)
user-service-1        | {"time":"2026-05-18T21:16:01.966372805Z","level":"ERROR","msg":"failed to connect to database","error":"ping database: failed to connect to `user=postgres database=userservice`: hostname resolving error: lookup postgres-users on 127.0.0.11:53: no such host"}
[Kuser-service-1 exited with code 1 (restarting)
user-service-1        | {"time":"2026-05-18T21:16:03.688383847Z","level":"ERROR","msg":"failed to connect to database","error":"ping database: failed to connect to `user=postgres database=userservice`: hostname resolving error: lookup postgres-users on 127.0.0.11:53: no such host"}
[Kuser-service-1 exited with code 1 (restarting)
user-service-1        | {"time":"2026-05-18T21:16:07.023274626Z","level":"ERROR","msg":"failed to connect to database","error":"ping database: failed to connect to `user=postgres database=userservice`: hostname resolving error: lookup postgres-users on 127.0.0.11:53: no such host"}
[Kuser-service-1 exited with code 1 (restarting)
user-service-1        | {"time":"2026-05-18T21:16:13.497288046Z","level":"ERROR","msg":"failed to connect to database","error":"ping database: failed to connect to `user=postgres database=userservice`: hostname resolving error: lookup postgres-users on 127.0.0.11:53: no such host"}
[Kuser-service-1 exited with code 1 (restarting)
user-service-1        | {"time":"2026-05-18T21:16:26.394084469Z","level":"ERROR","msg":"failed to connect to database","error":"ping database: failed to connect to `user=postgres database=userservice`: hostname resolving error: lookup postgres-users on 127.0.0.11:53: no such host"}
[Kuser-service-1 exited with code 1 (restarting)
user-service-1        | {"time":"2026-05-18T21:16:52.109548925Z","level":"ERROR","msg":"failed to connect to database","error":"ping database: failed to connect to `user=postgres database=userservice`: hostname resolving error: lookup postgres-users on 127.0.0.11:53: no such host"}
[Kuser-service-1 exited with code 1 (restarting)
postgres-messaging-1  | 2026-05-18 21:17:42.161 UTC [54] LOG:  checkpoint starting: time
postgres-jobs-1       | 2026-05-18 21:17:42.162 UTC [55] LOG:  checkpoint starting: time
user-service-1        | {"time":"2026-05-18T21:17:43.440873796Z","level":"ERROR","msg":"failed to connect to database","error":"ping database: failed to connect to `user=postgres database=userservice`: hostname resolving error: lookup postgres-users on 127.0.0.11:53: no such host"}
[Kuser-service-1 exited with code 1 (restarting)
postgres-messaging-1  | 2026-05-18 21:17:51.446 UTC [54] LOG:  checkpoint complete: wrote 93 buffers (0.6%); 0 WAL file(s) added, 0 removed, 0 recycled; write=9.265 s, sync=0.011 s, total=9.286 s; sync files=54, longest=0.007 s, average=0.001 s; distance=445 kB, estimate=445 kB; lsn=0/198E070, redo lsn=0/198E038
postgres-jobs-1       | 2026-05-18 21:17:53.630 UTC [55] LOG:  checkpoint complete: wrote 114 buffers (0.7%); 0 WAL file(s) added, 0 removed, 0 recycled; write=11.446 s, sync=0.013 s, total=11.469 s; sync files=90, longest=0.007 s, average=0.001 s; distance=562 kB, estimate=562 kB; lsn=0/19AB3B8, redo lsn=0/19AB380
user-service-1        | {"time":"2026-05-18T21:18:43.553399129Z","level":"ERROR","msg":"failed to connect to database","error":"ping database: failed to connect to `user=postgres database=userservice`: hostname resolving error: lookup postgres-users on 127.0.0.11:53: no such host"}
[Kuser-service-1 exited with code 1 (restarting)
